0.9869804985204826 0.620186467527818
0.46067208980420815 0.4075677748687467
0.23761361032596592 0.1745667251130558
0.17616633065196913 0.13354696335049454
0.15469300124792462 0.117385729458101
0.11621975363814778 0.09759843959944889
0.11510314592090111 0.1299670310403807
0.08984284701129384 0.0731016966854817
0.07253383563284635 0.06967188438425242
0.06965344682452773 0.05912612944775741
0.06061401920285701 0.05847581387353889
0.05778279448397561 0.05512746899401039
0.05438704517988238 0.054682555029964657
0.05360571265952253 0.04959688345503702
0.12638587856520833 0.059270236452442435
0.06311589385309223 0.05775645414638099
0.04901892770538034 0.04959130274862182
0.054747648131209276 0.0437948846705422
0.0466686074069604 0.050100571127189936
0.045953820515794386 0.05015643521946432
0.03509772845901262 0.03433805309022707
0.03414256308293908 0.0337917030407403
0.033698223066741494 0.0340225528515383
0.033307723474310595 0.032907601228467954
0.0330521367010858 0.03290014168748115
0.03287300204995408 0.03265837015428207
0.032544342870439016 0.0324572168356259
0.03238141328895143 0.03324846751036098
0.03232262627335544 0.03358835111565002
0.032013359546612066 0.0316416430225522
0.031766727858262296 0.03172287157847493
0.031913054778736044 0.03142410548740284
0.03143659700664885 0.03140643196352778
0.03130145470584713 0.0314081372726003
0.03213178742170889 0.03100861952791918
0.031052705599552286 0.03529450850405357
0.0317958252182674 0.030893171111753596
0.030616374859867797 0.03228595677254484
0.030657593143156123 0.03103820967697231
0.030822662979184446 0.030581350532659875
0.030447855411168734 0.030990241719040575
0.031396573730643966 0.030726890974074998
0.030035220075140503 0.03146643895196363
0.03013150757019959 0.03155443049753946
0.030533231537305548 0.03070464153417144
0.0303337756210989 0.03142040433764195
0.030500328252462933 0.030160915323980318
0.029708351932726477 0.029833084165163764
0.02982932543662981 0.030420889885119668
0.029534743417695554 0.02970287339589538
0.029860693185889495 0.029503204859793186
0.030012448885821927 0.03315968751201677
0.030093467470304273 0.029922300244020997
0.03010335398498078 0.03071180200983774
0.02965359415572001 0.02901856989767977
0.029234732049193184 0.02920278874410538
0.02886960625761325 0.02990065302929558
0.02943091598343301 0.02963462010813705
0.02909910781495145 0.03001452588562398
0.028824625976906208 0.029657394091889985
0.02909978783718424 0.02965100341792411
0.028695071191501807 0.03039614711006045
0.02876784184791954 0.03049947422342416
0.028909752809494517 0.028535085377418785
0.028463864459007063 0.0291146434400444
0.02867514739275263 0.029496425816108215
0.029675782596716545 0.02922742553711725
0.028256378277104588 0.04779054853851837
0.0286323453333038 0.02871386451228206
0.02822339412314419 0.029217238940035983
0.0287858987950073 0.029864824180068687
0.029194755082466304 0.03542977758982765
0.028138484059707685 0.04775975379551297
0.02811332725835915 0.029219786127791268
0.02785132737579819 0.02862389224872715
0.02863385306533668 0.028449948955048286
0.027565407522303534 0.02892249706508961
0.028488016657984866 0.028212649189756304
0.027859294916822475 0.02789890733321858
0.02843464847486943 0.03214356197774541
0.028026530457798075 0.02808780411447066
0.027677993382645864 0.027832873485621377
0.02755675844695586 0.028442225542067167
0.027489154270947263 0.028338262167172546
0.027816601430133977 0.0308935588947805
0.02720306495268414 0.029986595636488058
0.028506861253795826 0.02767993068314334
0.027019079608783525 0.02756453395743202
0.028402888493446993 0.0285230538590364
0.027962815050443627 0.027427284646007983
0.0284868633170927 0.027772670714307723
0.027188795173338814 0.02793298998954275
0.027216057897618308 0.027953343950047893
0.02823160193464182 0.028606690306397
0.027274384370409587 0.027334419329392227
0.027876951708862775 0.028086403577633628
0.026566795108437544 0.028804153901430478
0.026714133767999897 0.029435912315376792
0.026971745170382228 0.027872665448828153
0.027188652773435858 0.0275490590235801
0.027003255553047445 0.02699285625410369
0.029183066762081083 0.027761009866412778
0.02616323380890023 0.028572011021035622
0.02663668219748666 0.027832895488630046
0.026997131437980746 0.028960724324316182
0.026745605528255598 0.027846985258621528
0.02644991047430554 0.027602447020423308
0.02646793119337165 0.028081908469223767
0.028124964492828926 0.02732583292091208
0.0268186872196916 0.02740770815933197
0.0263168586796414 0.026770569482563875
0.02638160566066015 0.02773847003438662
0.027383324523531954 0.027834993680438545
0.02707022338863283 0.02742131137687073
0.026192764466426544 0.02874701728199153
0.02748564986848556 0.027429006046037055
0.025689031406493458 0.027326203587296777
0.026679818144385654 0.03117885042211689
0.02594961502689723 0.027223621769951828
0.027598555155525638 0.02806597813504383
0.025618373206832242 0.02941225918362713
0.026508199377266204 0.026979984383258788
0.02770421312893598 0.026535705294016963
0.026213123802681593 0.027408679151324975
0.02610764181289023 0.027186946914683093
0.027362714488440017 0.02724070810520045
0.025465749385592245 0.027649727432541384
0.025748227891291095 0.02801677465258322
0.025475638896103527 0.02730626021696476
0.03033892892427994 0.037506707180865795
0.027752086203586532 0.02729649312531633
0.02569702869946437 0.027156782143704167
0.025329512336740398 0.027571567055248217
0.025766480448649202 0.02792477167913042
0.02611108686115112 0.027812384339746924
0.027145387299017283 0.027024972588972636
0.025428975038974965 0.02838214157797429
0.02579269234761166 0.02679666927256642
0.025571001479556196 0.026902012440831388
0.02751410820113141 0.027434752437610194
0.028171274244536172 0.03380210705035846
0.026710432210518328 0.026988264099419904
0.02530105417919378 0.027434087526627574
0.027460358223495893 0.031423559810326226
0.025196916097847768 0.027807603060936614
0.02518007793542544 0.027459735789291135
0.026087981719431174 0.03339631529319785
0.025062816239867766 0.027501997033273596
0.025440111881376622 0.02697961816014435
0.025097154120271064 0.02732459321158573
0.02529400632914254 0.026061208922793424
0.026664825370313984 0.026783395181143338
0.025714070945986288 0.026387178712413698
0.031671491094098995 0.026143093006726403
0.024513125257563096 0.027084748859677283
0.02476189510071741 0.026802206038608164
0.025014977518462017 0.028044110180457257
0.025078812337057468 0.02709489629608025
0.025346556963044404 0.02794839930823196
0.02554083807135797 0.027105052015920568
0.025901895724894576 0.026396214785587683
0.03291219971969456 0.02635821334541763
0.025599011540125425 0.028425959591232734
0.024695072441757986 0.026224636320960153
0.02464206350636674 0.027255719900951773
0.025015226148988545 0.02759822654960439
0.025686125226984737 0.0769425837347686
0.025357962021900538 0.026670992702639576
0.03226396445983689 0.030773767840429025
0.025713981507014334 0.026750748513455172
0.024314976351951807 0.026469858621743544
0.024983030872198355 0.025814484296128613
0.024436882357170946 0.027172044867296838
0.025855923758378866 0.026819707854499112
0.027140453455860723 0.026483488519417557
0.024214809894837683 0.02598285194207393
0.024701897687383803 0.029407676842703692
0.025265603237178313 0.029021735085658563
0.03310698527478854 0.02709159015017328
0.024705839151559175 0.02570880598302455
0.024531508284789897 0.02640265029022216
0.0247368957983753 0.026131881470689428
0.024141106654213203 0.025873330339690925
0.025856981165213455 0.02629161715130055
0.02450386033523696 0.02659019318282079
0.024546394152347103 0.025981638880060897
0.02525828963239212 0.025999003389464603
0.025297277189879994 0.025826133315816586
0.02372632903754886 0.026106504998313435
0.025539374691661974 0.026392850442276652
0.028796839481274115 0.02619335593631089
0.024904182985727392 0.026640351623756244
0.024586954764134222 0.02613256754361848
0.023963202585150143 0.02587047026447525
0.02405443297874938 0.026330539447948796
0.024155918615237956 0.027275252545720156
0.024014476970088 0.027709502263183375
0.02490284260807874 0.0521019599954331
0.024209773284893165 0.02573611317325531
0.024845973723510033 0.026114754522391617
